Build started 31/01/2014 22:41:26.
     1>Project "C:\Users\Mido\Documents\CplusplusTuto\STLLibrairie\STLLibrairie\STLLibrairie.vcxproj" on node 2 (Build target(s)).
     1>ClCompile:
         C:\Program Files (x86)\Microsoft Visual Studio 12.0\VC\bin\CL.exe /c /ZI /nologo /W3 /WX- /sdl /Od /Oy- /D _MBCS /Gm /EHsc /RTC1 /MDd /GS /fp:precise /Zc:wchar_t /Zc:forScope /Fo"Debug\\" /Fd"Debug\vc120.pdb" /Gd /TP /analyze- /errorReport:prompt Array.cpp Deque.cpp "Forward List.cpp" List.cpp Main.cpp Map.cpp Multimap.cpp Multiset.cpp Set.cpp Vectors.cpp
         Vectors.cpp
         Set.cpp
         Multiset.cpp
         Multimap.cpp
         Map.cpp
         Main.cpp
         List.cpp
         Forward List.cpp
         Deque.cpp
         Array.cpp
         Generating Code...
       Link:
         C:\Program Files (x86)\Microsoft Visual Studio 12.0\VC\bin\link.exe /ERRORREPORT:PROMPT /OUT:"C:\Users\Mido\Documents\CplusplusTuto\STLLibrairie\Debug\STLLibrairie.exe" /INCREMENTAL /NOLOGO kernel32.lib user32.lib gdi32.lib winspool.lib comdlg32.lib advapi32.lib shell32.lib ole32.lib oleaut32.lib uuid.lib odbc32.lib odbccp32.lib /MANIFEST /MANIFESTUAC:"level='asInvoker' uiAccess='false'" /manifest:embed /DEBUG /PDB:"C:\Users\Mido\Documents\CplusplusTuto\STLLibrairie\Debug\STLLibrairie.pdb" /TLBID:1 /DYNAMICBASE /NXCOMPAT /IMPLIB:"C:\Users\Mido\Documents\CplusplusTuto\STLLibrairie\Debug\STLLibrairie.lib" /MACHINE:X86 Debug\Array.obj
         Debug\Deque.obj
         "Debug\Forward List.obj"
         Debug\List.obj
         Debug\Main.obj
         Debug\Map.obj
         Debug\Multimap.obj
         Debug\Multiset.obj
         Debug\Set.obj
         Debug\Vectors.obj
         STLLibrairie.vcxproj -> C:\Users\Mido\Documents\CplusplusTuto\STLLibrairie\Debug\STLLibrairie.exe
     1>Done Building Project "C:\Users\Mido\Documents\CplusplusTuto\STLLibrairie\STLLibrairie\STLLibrairie.vcxproj" (Build target(s)).

Build succeeded.

Time Elapsed 00:00:10.54
